==============================================================================
Suites                                                                        
==============================================================================
Suites.TC DD1                                                                 
==============================================================================
Right user empty password                                             | PASS |
------------------------------------------------------------------------------
Right user wrong password                                             | PASS |
------------------------------------------------------------------------------
wrong user right password                                             | PASS |
------------------------------------------------------------------------------
wrong user empty password                                             | PASS |
------------------------------------------------------------------------------
wrong user wrong password                                             | PASS |
------------------------------------------------------------------------------
Suites.TC DD1                                                         | PASS |
5 critical tests, 5 passed, 0 failed
5 tests total, 5 passed, 0 failed
==============================================================================
Suites                                                                | PASS |
5 critical tests, 5 passed, 0 failed
5 tests total, 5 passed, 0 failed
==============================================================================
Output:  C:\Users\anand\PycharmProjects\seleniumProject\pabot_results\0\output.xml
